<?xml version="1.0" encoding="UTF-8"?>
<!-- Generated by org.testng.reporters.JUnitXMLReporter -->
<testsuite hostname="DRCOX2.local" name="Test" tests="9" failures="0" timestamp="4 Dec 2014 22:29:02 GMT" time="3.253" errors="0">
  <testcase name="check1000000ResultsSpeed" time="2.903" classname="com.sorenson.test.DrawingTest"/>
  <testcase name="check100000ResultsSpeed" time="0.249" classname="com.sorenson.test.DrawingTest"/>
  <testcase name="check10000ResultsSpeed" time="0.016" classname="com.sorenson.test.DrawingTest"/>
  <testcase name="checkAllPossibilities" time="0.002" classname="com.sorenson.test.DrawingTest"/>
  <testcase name="checkChangingResults" time="0.003" classname="com.sorenson.test.DrawingTest"/>
  <testcase name="checkEmptyArray" time="0.003" classname="com.sorenson.test.DrawingTest"/>
  <testcase name="checkOnePersonArray" time="0.001" classname="com.sorenson.test.DrawingTest"/>
  <testcase name="checkRepeats" time="0.002" classname="com.sorenson.test.DrawingTest"/>
  <testcase name="checkTwoPersonArray" time="0.003" classname="com.sorenson.test.DrawingTest"/>
</testsuite> <!-- Test -->
